Warning[207] F:\CAR PARKING SYSTEM\SOURCE CODE\18F45K20TMPO.ASM 93 : Found label after column 1. (OPERATOR)
Warning[207] F:\CAR PARKING SYSTEM\SOURCE CODE\18F45K20TMPO.ASM 99 : Found label after column 1. (OPEN_GATES)
Warning[207] F:\CAR PARKING SYSTEM\SOURCE CODE\18F45K20TMPO.ASM 114 : Found label after column 1. (CLOSE_GATES)
Warning[207] F:\CAR PARKING SYSTEM\SOURCE CODE\18F45K20TMPO.ASM 192 : Found label after column 1. (WHILE_LOOP)
Warning[207] F:\CAR PARKING SYSTEM\SOURCE CODE\18F45K20TMPO.ASM 194 : Found label after column 1. (IN_GATE)
Warning[207] F:\CAR PARKING SYSTEM\SOURCE CODE\18F45K20TMPO.ASM 195 : Found label after column 1. (MAX_PARKING_CHECK)
Warning[207] F:\CAR PARKING SYSTEM\SOURCE CODE\18F45K20TMPO.ASM 202 : Found label after column 1. (PARKING_AVALIABLE)
Warning[207] F:\CAR PARKING SYSTEM\SOURCE CODE\18F45K20TMPO.ASM 209 : Found label after column 1. (PARKING_NOT_AVALIABLE)
Warning[207] F:\CAR PARKING SYSTEM\SOURCE CODE\18F45K20TMPO.ASM 214 : Found label after column 1. (OUT_GATE)
Warning[207] F:\CAR PARKING SYSTEM\SOURCE CODE\18F45K20TMPO.ASM 223 : Found label after column 1. (IN_STEPPER_OPEN)
Warning[207] F:\CAR PARKING SYSTEM\SOURCE CODE\18F45K20TMPO.ASM 227 : Found label after column 1. (CAR_NOT_ENTERED)
Warning[207] F:\CAR PARKING SYSTEM\SOURCE CODE\18F45K20TMPO.ASM 234 : Found label after column 1. (IN_STEPPER_CLOSE)
Warning[207] F:\CAR PARKING SYSTEM\SOURCE CODE\18F45K20TMPO.ASM 244 : Found label after column 1. (OUT_STEPPER_OPEN)
Warning[207] F:\CAR PARKING SYSTEM\SOURCE CODE\18F45K20TMPO.ASM 248 : Found label after column 1. (CAR_NOT_OUT)
Warning[207] F:\CAR PARKING SYSTEM\SOURCE CODE\18F45K20TMPO.ASM 255 : Found label after column 1. (OUT_STEPPER_CLOSE)
Warning[207] F:\CAR PARKING SYSTEM\SOURCE CODE\18F45K20TMPO.ASM 271 : Found label after column 1. (NEXT_STEP)
Warning[207] F:\CAR PARKING SYSTEM\SOURCE CODE\18F45K20TMPO.ASM 279 : Found label after column 1. (WAIT)
Warning[207] F:\CAR PARKING SYSTEM\SOURCE CODE\18F45K20TMPO.ASM 292 : Found label after column 1. (WAIT1)
Warning[207] F:\CAR PARKING SYSTEM\SOURCE CODE\18F45K20TMPO.ASM 315 : Found label after column 1. (NEXT_STEP1)
Warning[207] F:\CAR PARKING SYSTEM\SOURCE CODE\18F45K20TMPO.ASM 323 : Found label after column 1. (WAIT2)
Warning[207] F:\CAR PARKING SYSTEM\SOURCE CODE\18F45K20TMPO.ASM 336 : Found label after column 1. (WAIT3)
