MPASM  5.51                  18F45K20TMPO.ASM   4-2-2022  4:00:43         PAGE  1


LOC  OBJECT CODE     LINE SOURCE TEXT
  VALUE

                      00001 ;******************************************************************************
                      00002 ;                                                                             *
                      00003 ;    Filename:         Car_Parking.asm                                                *
                      00004 ;    Date:                                                                    *
                      00005 ;    File Version:                                                            *
                      00006 ;    Author:                                                                  *
                      00007 ;    Company:                                                                 *
                      00008 ;                                                                             *
                      00009 ;******************************************************************************
                      00010 
                      00011 ;------------------------------------------------------------------------------
                      00012 ; PROCESSOR DECLARATION
                      00013 ;------------------------------------------------------------------------------
                      00014 
                      00015      LIST      P=PIC18F45K20          ; list directive to define processor
                      00016      #INCLUDE <P18F45K20.INC>         ; processor specific variable definitions
                      00001         LIST
                      00002 
                      00003 ;==========================================================================
                      00004 ;  MPASM PIC18F45K20 processor include
                      00005 ; 
                      00006 ;  (c) Copyright 1999-2013 Microchip Technology, All rights reserved
                      00007 ;==========================================================================
                      00008 
                      01568         LIST
                      00017 
                      00018 ;------------------------------------------------------------------------------
                      00019 ;
                      00020 ; CONFIGURATION WORD SETUP
                      00021 ;
                      00022 ; The 'CONFIG' directive is used to embed the configuration word within the 
                      00023 ; .asm file. The lables following the directive are located in the respective 
                      00024 ; .inc file.  See the data sheet for additional information on configuration 
                      00025 ; word settings.
                      00026 ;
                      00027 ;------------------------------------------------------------------------------
                      00028 
                      00029      CONFIG FOSC = INTIO67, FCMEN = OFF, IESO = OFF, PWRT = OFF, BOREN = OFF
                      00030      CONFIG BORV = 18, WDTEN = OFF, WDTPS = 1, MCLRE = ON, HFOFST = ON
                      00031      CONFIG LPT1OSC = OFF, PBADEN = OFF, CCP2MX = PORTC, STVREN = OFF
                      00032      CONFIG LVP = OFF,  XINST = OFF, CP0 = OFF, CP1 = OFF, CP2 = OFF
                      00033      CONFIG CP3 = OFF, CPB = OFF, CPD = OFF, WRT0 = OFF, WRT1 = OFF
                      00034      CONFIG WRT2 = OFF, WRT3 = OFF, WRTB = OFF, WRTC = OFF, WRTD = OFF
                      00035      CONFIG EBTR0 = OFF, EBTR1 = OFF, EBTR2 = OFF, EBTR3 = OFF
                      00036      CONFIG EBTRB = OFF
                      00037 
                      00038 ;------------------------------------------------------------------------------
                      00039 ;
                      00040 ; VARIABLE DEFINITIONS
                      00041 ;
                      00042 ;------------------------------------------------------------------------------
                      00043 
                      00044     CBLOCK 0x60                   ; Sample GPR variable register allocations
MPASM  5.51                  18F45K20TMPO.ASM   4-2-2022  4:00:43         PAGE  2


LOC  OBJECT CODE     LINE SOURCE TEXT
  VALUE

  00000060            00045         STEP_COUNT                ; user variable at address 0x60
  00000061            00046         OPERATOR_COUNTER  ; user variable at address 0x61
  00000062            00047         MYVAR3                    ; user variable at address 0x62
                      00048     ENDC
                      00049 
  00000000            00050 W_TEMP         EQU        0x000  ; w register for context saving (ACCESS)
  00000001            00051 STATUS_TEMP    EQU        0x001  ; status used for context saving 
  00000002            00052 BSR_TEMP       EQU        0x002  ; bank select used for ISR context saving
                      00053 
                      00054 ;------------------------------------------------------------------------------
                      00055 ; RESET VECTOR
                      00056 ;------------------------------------------------------------------------------
                      00057 
                      00058 RES_VECT  ORG     0x0000            ; processor reset vector
000000 EF?? F???      00059           GOTO    MAIN              ; go to beginning of program
                      00060 
                      00061 ;------------------------------------------------------------------------------
                      00062 ; HIGH PRIORITY INTERRUPT VECTOR
                      00063 ;------------------------------------------------------------------------------
                      00064 
                      00065 ISRH      ORG     0x0008
                      00066 
                      00067           ; Run the High Priority Interrupt Service Routine
000008 EF?? F???      00068           GOTO    HIGH_ISR             
                      00069 
                      00070 ;------------------------------------------------------------------------------
                      00071 ; LOW PRIORITY INTERRUPT VECTOR
                      00072 ;------------------------------------------------------------------------------
                      00073 
                      00074 ISRL      ORG     0x0018
                      00075           
                      00076           ; Run the High Priority Interrupt Service Routine
000018 EF?? F???      00077           GOTO    LOW_ISR             
                      00078 
                      00079 ;------------------------------------------------------------------------------
                      00080 ; HIGH PRIORITY INTERRUPT SERVICE ROUTINE
                      00081 ;------------------------------------------------------------------------------
                      00082 
00001C                00083 HIGH_ISR  
                      00084 
00001C A081           00085                   BTFSS PORTB,0                         ; Check external interrupt occured
00001E EC?? F???      00086                   CALL OPERATOR                         ; If yes go to operator label
                      00087 
000022 92F2           00088                   BCF INTCON,1                          ; Clear INT0 flag
                      00089         
000024 0011           00090           RETFIE  FAST                          ; Return from ISR
                      00091 
                      00092 
Warning[207]: Found label after column 1. (OPERATOR)
000026                00093                 OPERATOR
000026 A161           00094                   BTFSS OPERATOR_COUNTER,0      ; Bit test how many times operator push the button
000028 EF?? F???      00095                   GOTO OPEN_GATES                       ; If no times, open the gates
00002C EF?? F???      00096                   GOTO CLOSE_GATES                      ; If one time, close the gates
MPASM  5.51                  18F45K20TMPO.ASM   4-2-2022  4:00:43         PAGE  3


LOC  OBJECT CODE     LINE SOURCE TEXT
  VALUE

                      00097 
                      00098 
Warning[207]: Found label after column 1. (OPEN_GATES)
000030                00099                 OPEN_GATES
000030 9283           00100                   BCF PORTD,1                           ; Set motors direction to open
000032 9683           00101                   BCF PORTD,3
                      00102 
000034 A281           00103                   BTFSS PORTB,1                         ; check IN gate LDR sensor 
000036 EC?? F???      00104                   CALL IN_STEPPING                      ; If the gate is already open then ignore
                      00105 
00003A A481           00106                   BTFSS PORTB,2                         ; check OUT gate LDR sensor 
00003C EC?? F???      00107                   CALL OUT_STEPPING                     ; If the gate is already open then ignore
                      00108 
000040 2B61           00109                   INCF OPERATOR_COUNTER,F       ; Increment push button counter by one
                      00110 
000042 0012           00111                   RETURN                                        ; Return from the function
                      00112 
                      00113 
Warning[207]: Found label after column 1. (CLOSE_GATES)
000044                00114                 CLOSE_GATES
000044 8283           00115                   BSF PORTD,1                           ; Set motors direction to open
000046 8683           00116                   BSF PORTD,3
                      00117 
000048 A281           00118                   BTFSS PORTB,1                         ; check IN gate LDR sensor 
00004A EC?? F???      00119                   CALL IN_STEPPING                      ; If the gate is already closed then ignore
                      00120 
00004E A481           00121                   BTFSS PORTB,2                         ; check OUT gate LDR sensor 
000050 EC?? F???      00122                   CALL OUT_STEPPING                     ; If the gate is already closed then ignore
                      00123 
000054 6B61           00124                   CLRF OPERATOR_COUNTER         ; clear push button counter
                      00125 
000056 0012           00126                   RETURN                                        ; Return from the function
                      00127 
                      00128 ;------------------------------------------------------------------------------
                      00129 ; LOW PRIORITY INTERRUPT SERVICE ROUTINE
                      00130 ;------------------------------------------------------------------------------
                      00131 
000058                00132 LOW_ISR
                      00133           ; Context Saving for Low ISR
000058 6E00           00134           MOVWF   W_TEMP              ; save W register
00005A CFD8 F001      00135           MOVFF   STATUS, STATUS_TEMP ; save status register
00005E CFE0 F002      00136           MOVFF   BSR, BSR_TEMP       ; save bankselect register
                      00137 
                      00138           ; Insert Low Priority ISR Here
                      00139                   ; NOT USED
                      00140 
                      00141           ; Context Saving for Low ISR
000062 C002 FFE0      00142           MOVFF   BSR_TEMP, BSR       ; restore bankselect register
000066 5000           00143           MOVF    W_TEMP, W           ; restore W register
000068 C001 FFD8      00144           MOVFF   STATUS_TEMP, STATUS ; restore status register
00006C 0010           00145           RETFIE
                      00146 
                      00147 ;------------------------------------------------------------------------------
MPASM  5.51                  18F45K20TMPO.ASM   4-2-2022  4:00:43         PAGE  4


LOC  OBJECT CODE     LINE SOURCE TEXT
  VALUE

                      00148 ; MAIN PROGRAM
                      00149 ;------------------------------------------------------------------------------
                      00150 
00006E                00151 MAIN
                      00152 
00006E 0E72           00153           MOVLW 0x72
000070 6ED3           00154                   MOVWF OSCCON  ; 16MHz Internal oscillator block
                      00155         
000072 6A81           00156                   CLRF  PORTB   ; Clearing output data latches
000074 6A82           00157                   CLRF  PORTC   ; Clearing output data latches
000076 6A83           00158           CLRF  PORTD   ; Clearing output data latches
                      00159 
000078 0EF8           00160                   MOVLW 0xF8
00007A 6A7F           00161                   CLRF  ANSELH  ; Configure I/O for digital inputs (RB<2:0>)
                      00162 
00007C 0E07           00163                   MOVLW 0x07     
00007E 6E93           00164                   MOVWF TRISB   ; Set RB<2:0> as inputs 
000080 0EF0           00165                   MOVLW 0xF0
000082 6E94           00166                   MOVWF TRISC   ; Set RC<3:0> as outputs 
000084 0E00           00167                   MOVLW 0x00
000086 6E95           00168                   MOVWF TRISD   ; Set RD<7:0> as outputs 
                      00169 
000088 0E80           00170                   MOVLW 0x80
00008A 6ED0           00171                   MOVWF RCON    ; Enable priority levels on interrupts
                      00172 
00008C 0E90           00173                   MOVLW 0x90
00008E 6EF2           00174                   MOVWF INTCON  ; Enables all high priority interrupts
                      00175                                                 ; Enables the INT0 external interrupt
                      00176                                                 ; Clear INT0 external Interrupt Flag bit
                      00177 
000090 0E00           00178                   MOVLW 0x00
000092 6EF1           00179                   MOVWF INTCON2 ; PORTB pull-ups are enabled
                      00180                                                 ; INT0 external interrupt on falling edge
                      00181 
000094 0E07           00182                   MOVLW 0x07
000096 6ED5           00183                   MOVWF T0CON   ; Timer0 is configured as a 16-bit timer/counter
                      00184                                                 ; Internal instruction cycle clock (CLKOUT)             
                                                            ; Increment on low-to-high transition on T0CKI pin
                      00185                                                 ; Timer0 prescaler is assigned. Timer0 clock input comes
                             from prescaler output.
                      00186                                                 ; 1:256 prescale value
                      00187 
                      00188 ;------------------------------------------------------------------------------
                      00189 ; WHILE LOOP
                      00190 ;------------------------------------------------------------------------------
                      00191 
Warning[207]: Found label after column 1. (WHILE_LOOP)
000098                00192         WHILE_LOOP
                      00193          
Warning[207]: Found label after column 1. (IN_GATE)
000098                00194          IN_GATE
Warning[207]: Found label after column 1. (MAX_PARKING_CHECK)
000098                00195                 MAX_PARKING_CHECK                               ; 9 decimal => 1001 binary
MPASM  5.51                  18F45K20TMPO.ASM   4-2-2022  4:00:43         PAGE  5


LOC  OBJECT CODE     LINE SOURCE TEXT
  VALUE

000098 A682           00196                   BTFSS PORTC,3                                 ; 3rd bit test
00009A EF?? F???      00197                   GOTO PARKING_AVALIABLE                ; If 3rd bit not set goto parking avaliable labl
                            e
00009E A082           00198                   BTFSS PORTC,0                                 ; If 3rd bit set check 0th bit
0000A0 EF?? F???      00199                   GOTO PARKING_AVALIABLE                ; If 0th bit not set goto parking avaliable labl
                            e
0000A4 EF?? F???      00200                   GOTO PARKING_NOT_AVALIABLE    ; If 0th bit set goto parking not avaliable lable       
                                    
                      00201 
Warning[207]: Found label after column 1. (PARKING_AVALIABLE)
0000A8                00202                 PARKING_AVALIABLE
0000A8 8A83           00203                   BSF PORTD,5                                   ; Green LED ON
0000AA 9883           00204                   BCF PORTD,4                                   ; Red LED OFF
0000AC B281           00205                   BTFSC PORTB,1                                 ; Check IN gate LDR sensor 
0000AE EF?? F???      00206                   GOTO IN_STEPPER_OPEN                  ; If car is arrived goto open the gate lable
0000B2 EF?? F???      00207                   GOTO OUT_GATE                                 ; If car is not arrived go to OUT gate l
                            able
                      00208 
Warning[207]: Found label after column 1. (PARKING_NOT_AVALIABLE)
0000B6                00209                 PARKING_NOT_AVALIABLE
0000B6 8883           00210                   BSF PORTD,4                                   ; Red LED ON
0000B8 9A83           00211                   BCF PORTD,5                                   ; Green LED OFF
0000BA EF?? F???      00212                   GOTO OUT_GATE                                 ; Go to OUT gate lable
                      00213                   
Warning[207]: Found label after column 1. (OUT_GATE)
0000BE                00214          OUT_GATE
0000BE B481           00215                   BTFSC PORTB,2                                 ; Check OUT gate LDR sensor 
0000C0 EF?? F???      00216                   GOTO OUT_STEPPER_OPEN                 ; If car is arrived goto open the gate lable    
                                                                    
0000C4 EF?? F???      00217                   GOTO WHILE_LOOP                               ; If car is not arrived ignore and go to
                             the while loop
                      00218 
                      00219 ;------------------------------------------------------------------------------
                      00220 ; IN GATE STEPPER MOTOR CONTROL (OPEN & CLOSE)
                      00221 ;------------------------------------------------------------------------------
                      00222 
Warning[207]: Found label after column 1. (IN_STEPPER_OPEN)
0000C8                00223                 IN_STEPPER_OPEN
0000C8 9283           00224                   BCF PORTD,1                                   ; Set the motor direction to open
0000CA EC?? F???      00225                   CALL IN_STEPPING                              ; call stepping function
                      00226 
Warning[207]: Found label after column 1. (CAR_NOT_ENTERED)
0000CE                00227                 CAR_NOT_ENTERED
0000CE B281           00228                   BTFSC PORTB,1                                 ; Check IN gate LDR sensor 
0000D0 EF?? F???      00229                   GOTO CAR_NOT_ENTERED                  ; If the car is not entered the parking, wait op
                            en gate position
                      00230 
0000D4 2A82           00231                   INCF PORTC,F                                  ; If the car is entered increment count 
                            and display on SSD
0000D6 EF?? F???      00232                   GOTO IN_STEPPER_CLOSE                 ; close the IN gate
                      00233 
Warning[207]: Found label after column 1. (IN_STEPPER_CLOSE)
0000DA                00234                 IN_STEPPER_CLOSE
MPASM  5.51                  18F45K20TMPO.ASM   4-2-2022  4:00:43         PAGE  6


LOC  OBJECT CODE     LINE SOURCE TEXT
  VALUE

0000DA 8283           00235                   BSF PORTD,1                                   ; Set the motor direction to close
0000DC EC?? F???      00236                   CALL IN_STEPPING                              ; call stepping function
                      00237 
0000E0 EF?? F???      00238                   GOTO WHILE_LOOP                               ; go to the while loop
                      00239 
                      00240 ;------------------------------------------------------------------------------
                      00241 ; OUT GATE STEPPER MOTOR CONTROL (OPEN & CLOSE)
                      00242 ;------------------------------------------------------------------------------
                      00243 
Warning[207]: Found label after column 1. (OUT_STEPPER_OPEN)
0000E4                00244                 OUT_STEPPER_OPEN
0000E4 9683           00245                   BCF PORTD,3                                   ; Set the motor direction to open
0000E6 EC?? F???      00246                   CALL OUT_STEPPING                             ; call stepping function
                      00247 
Warning[207]: Found label after column 1. (CAR_NOT_OUT)
0000EA                00248                 CAR_NOT_OUT
0000EA B481           00249                   BTFSC PORTB,2                                 ; Check OUT gate LDR sensor 
0000EC EF?? F???      00250                   GOTO CAR_NOT_OUT                              ; If the car is not out the parking, wai
                            t open gate position
                      00251 
0000F0 0682           00252                   DECF PORTC,F                                  ; If the car is out decrement count and 
                            display on SSD
0000F2 EF?? F???      00253                   GOTO OUT_STEPPER_CLOSE                ; close the out gate
                      00254 
Warning[207]: Found label after column 1. (OUT_STEPPER_CLOSE)
0000F6                00255                 OUT_STEPPER_CLOSE
0000F6 8683           00256                   BSF PORTD,3                                   ; Set the motor direction to close
0000F8 EC?? F???      00257                   CALL OUT_STEPPING                             ; call stepping function
                      00258 
0000FC EF?? F???      00259                   GOTO WHILE_LOOP                               ; go to the while loop
                      00260         
                      00261 ;------------------------------------------------------------------------------
                      00262 ; IN GATE MOTOR STEPS TO 90 DEGREES
                      00263 ;------------------------------------------------------------------------------
                      00264 
000100                00265 IN_STEPPING
000100 0E18           00266                   MOVLW D'24'
000102 6F60           00267                   MOVWF STEP_COUNT                              ; 90 degree rotation
                      00268 
000104 8ED5           00269                   BSF T0CON,7                                   ; Timer0 ON
                      00270                 
Warning[207]: Found label after column 1. (NEXT_STEP)
000106                00271                 NEXT_STEP
000106 8083           00272                   BSF PORTD,0                                   ; Clock high
                      00273 
000108 0EFE           00274                   MOVLW 0xFE
00010A 6ED7           00275                   MOVWF TMR0H
00010C 0E78           00276                   MOVLW 0x78
00010E 6ED6           00277                   MOVWF TMR0L                                   ; 25ms delay
                      00278 
Warning[207]: Found label after column 1. (WAIT)
000110                00279                 WAIT
000110 A4F2           00280                   BTFSS INTCON,2                                ; Wait until Timer0 overflow
MPASM  5.51                  18F45K20TMPO.ASM   4-2-2022  4:00:43         PAGE  7


LOC  OBJECT CODE     LINE SOURCE TEXT
  VALUE

000112 EF?? F???      00281                   GOTO WAIT
                      00282 
000116 94F2           00283                   BCF INTCON,2                                  ; Clear Timer0 flag
000118 9083           00284                   BCF PORTD,0                                   ; Clock low
                      00285 
                      00286 
00011A 0EFE           00287                   MOVLW 0xFE
00011C 6ED7           00288                   MOVWF TMR0H
00011E 0E78           00289                   MOVLW 0x78
000120 6ED6           00290                   MOVWF TMR0L                                   ; 25ms delay
                      00291 
Warning[207]: Found label after column 1. (WAIT1)
000122                00292                 WAIT1
000122 A4F2           00293                   BTFSS INTCON,2                                ; Wait until Timer0 overflow
000124 EF?? F???      00294                   GOTO WAIT1
                      00295                 
000128 94F2           00296                   BCF INTCON,2                                  ; Clear Timer0 flag
                      00297 
00012A 2F60           00298                   DECFSZ STEP_COUNT,F                   ; Decrement step counter by one
00012C EF?? F???      00299                   GOTO NEXT_STEP                                ; If step counter is not zero go to the 
                            next step
                      00300 
000130 9ED5           00301                   BCF T0CON,7                                   ; If step counter is zero off Timer0 and
                             return
                      00302 
000132 0012           00303                   RETURN
                      00304 
                      00305 ;------------------------------------------------------------------------------
                      00306 ; OUT GATE MOTOR STEPS TO 90 DEGREES
                      00307 ;------------------------------------------------------------------------------
                      00308 
000134                00309 OUT_STEPPING
000134 0E18           00310                   MOVLW D'24'
000136 6F60           00311                   MOVWF STEP_COUNT                              ; 90 degree rotation
                      00312 
000138 8ED5           00313                   BSF T0CON,7                                   ; Timer0 ON
                      00314                 
Warning[207]: Found label after column 1. (NEXT_STEP1)
00013A                00315                 NEXT_STEP1
00013A 8483           00316                   BSF PORTD,2                                   ; Clock high
                      00317 
00013C 0EFE           00318                   MOVLW 0xFE
00013E 6ED7           00319                   MOVWF TMR0H
000140 0E78           00320                   MOVLW 0x78
000142 6ED6           00321                   MOVWF TMR0L                                   ; 25ms delay
                      00322 
Warning[207]: Found label after column 1. (WAIT2)
000144                00323                 WAIT2
000144 A4F2           00324                   BTFSS INTCON,2                                ; Wait until Timer0 overflow
000146 EF?? F???      00325                   GOTO WAIT2
                      00326 
00014A 94F2           00327                   BCF INTCON,2                                  ; Clear Timer0 flag
00014C 9483           00328                   BCF PORTD,2                                   ; Clock low
MPASM  5.51                  18F45K20TMPO.ASM   4-2-2022  4:00:43         PAGE  8


LOC  OBJECT CODE     LINE SOURCE TEXT
  VALUE

                      00329 
                      00330 
00014E 0EFE           00331                   MOVLW 0xFE
000150 6ED7           00332                   MOVWF TMR0H
000152 0E78           00333                   MOVLW 0x78
000154 6ED6           00334                   MOVWF TMR0L                                   ; 25ms delay
                      00335 
Warning[207]: Found label after column 1. (WAIT3)
000156                00336                 WAIT3
000156 A4F2           00337                   BTFSS INTCON,2                                ; Wait until Timer0 overflow
000158 EF?? F???      00338                   GOTO WAIT3
                      00339                 
00015C 94F2           00340                   BCF INTCON,2                                  ; Clear Timer0 flag
                      00341 
00015E 2F60           00342                   DECFSZ STEP_COUNT,F                   ; Decrement step counter by one
000160 EF?? F???      00343                   GOTO NEXT_STEP1                               ; If step counter is not zero go to the 
                            next step
                      00344 
000164 9ED5           00345                   BCF T0CON,7                                   ; If step counter is zero off Timer0 and
                             return
                      00346 
000166 0012           00347                   RETURN
                      00348 
                      00349 
                      00350           END                                                   ; End of the program
MPASM  5.51                  18F45K20TMPO.ASM   4-2-2022  4:00:43         PAGE  9


SYMBOL TABLE
  LABEL                             VALUE 

A                                 00000000
ABDEN                             00000000
ABDOVF                            00000007
ACCESS                            00000000
ACKDT                             00000005
ACKEN                             00000004
ACKSTAT                           00000006
ACQT0                             00000003
ACQT1                             00000004
ACQT2                             00000005
ADCON0                            00000FC2
ADCON1                            00000FC1
ADCON2                            00000FC0
ADCS0                             00000000
ADCS1                             00000001
ADCS2                             00000002
ADDEN                             00000003
ADEN                              00000003
ADFM                              00000007
ADIE                              00000006
ADIF                              00000006
ADIP                              00000006
ADON                              00000000
ADRES                             00000FC3
ADRESH                            00000FC4
ADRESL                            00000FC3
AN0                               00000000
AN1                               00000001
AN10                              00000001
AN11                              00000004
AN12                              00000000
AN2                               00000002
AN3                               00000003
AN4                               00000005
AN5                               00000000
AN6                               00000001
AN7                               00000002
AN8                               00000002
AN9                               00000003
ANS0                              00000000
ANS1                              00000001
ANS10                             00000002
ANS11                             00000003
ANS12                             00000004
ANS2                              00000002
ANS3                              00000003
ANS4                              00000004
ANS5                              00000005
ANS6                              00000006
ANS7                              00000007
ANS8                              00000000
ANS9                              00000001
ANSEL                             00000F7E
MPASM  5.51                  18F45K20TMPO.ASM   4-2-2022  4:00:43         PAGE 10


SYMBOL TABLE
  LABEL                             VALUE 

ANSELH                            00000F7F
BANKED                            00000001
BAUDCON                           00000FB8
BAUDCTL                           00000FB8
BCLIE                             00000003
BCLIF                             00000003
BCLIP                             00000003
BF                                00000000
BGST                              00000005
BOR                               00000000
BRG16                             00000003
BRGH                              00000002
BSR                               00000FE0
BSR_TEMP                          00000002
C                                 00000000
C12IN0M                           00000000
C12IN0N                           00000000
C12IN1M                           00000001
C12IN1N                           00000001
C12IN2M                           00000003
C12IN2N                           00000003
C12IN3M                           00000001
C12IN3N                           00000001
C1CH0                             00000000
C1CH1                             00000001
C1IE                              00000006
C1IF                              00000006
C1INP                             00000003
C1IP                              00000006
C1OE                              00000005
C1ON                              00000007
C1OUT_CM1CON0                     00000006
C1OUT_PORTA                       00000004
C1POL                             00000004
C1R                               00000002
C1RSEL                            00000005
C1SP                              00000003
C2CH0                             00000000
C2CH1                             00000001
C2IE                              00000005
C2IF                              00000005
C2INP                             00000002
C2IP                              00000005
C2OE                              00000005
C2ON                              00000007
C2OUT_CM2CON0                     00000006
C2OUT_PORTA                       00000005
C2POL                             00000004
C2R                               00000002
C2RSEL                            00000004
C2SP                              00000003
CAR_NOT_ENTERED                   000000CE
CAR_NOT_OUT                       000000EA
MPASM  5.51                  18F45K20TMPO.ASM   4-2-2022  4:00:43         PAGE 11


SYMBOL TABLE
  LABEL                             VALUE 

CCP1                              00000002
CCP1CON                           00000FBD
CCP1IE                            00000002
CCP1IF                            00000002
CCP1IP                            00000002
CCP1M0                            00000000
CCP1M1                            00000001
CCP1M2                            00000002
CCP1M3                            00000003
CCP2CON                           00000FBA
CCP2IE                            00000000
CCP2IF                            00000000
CCP2IP                            00000000
CCP2M0                            00000000
CCP2M1                            00000001
CCP2M2                            00000002
CCP2M3                            00000003
CCP2_PORTB                        00000003
CCP2_PORTC                        00000001
CCPR1                             00000FBE
CCPR1H                            00000FBF
CCPR1L                            00000FBE
CCPR2                             00000FBB
CCPR2H                            00000FBC
CCPR2L                            00000FBB
CFGS                              00000006
CHS0                              00000002
CHS1                              00000003
CHS2                              00000004
CHS3                              00000005
CK                                00000006
CKE                               00000006
CKP                               00000004
CKTXP                             00000004
CLOSE_GATES                       00000044
CM1CON0                           00000F7B
CM2CON0                           00000F7A
CM2CON1                           00000F79
CREN                              00000004
CS                                00000002
CSRC                              00000007
CVR0                              00000000
CVR1                              00000001
CVR2                              00000002
CVR3                              00000003
CVRCON                            00000FB5
CVRCON2                           00000FB4
CVREF                             00000002
CVREN                             00000007
CVROE                             00000006
CVRR                              00000005
CVRSS                             00000004
D                                 00000005
MPASM  5.51                  18F45K20TMPO.ASM   4-2-2022  4:00:43         PAGE 12


SYMBOL TABLE
  LABEL                             VALUE 

DC                                00000001
DC1B0                             00000004
DC1B1                             00000005
DC2B0                             00000004
DC2B1                             00000005
DDRA                              TRISA
DDRB                              TRISB
DDRC                              TRISC
DDRD                              TRISD
DDRE                              TRISE
DONE                              00000001
DTRXP                             00000005
D_A                               00000005
D_NOT_A                           00000005
ECCP1AS                           00000FB6
ECCPAS0                           00000004
ECCPAS1                           00000005
ECCPAS2                           00000006
ECCPASE                           00000007
EEADR                             00000FA9
EEADR0                            00000000
EEADR1                            00000001
EEADR2                            00000002
EEADR3                            00000003
EEADR4                            00000004
EEADR5                            00000005
EEADR6                            00000006
EEADR7                            00000007
EECON1                            00000FA6
EECON2                            00000FA7
EEDATA                            00000FA8
EEIE                              00000004
EEIF                              00000004
EEIP                              00000004
EEPGD                             00000007
FAST                              00000001
FERR                              00000002
FLT0                              00000000
FREE                              00000004
FSR0                              00000000
FSR0H                             00000FEA
FSR0L                             00000FE9
FSR1                              00000001
FSR1H                             00000FE2
FSR1L                             00000FE1
FSR2                              00000002
FSR2H                             00000FDA
FSR2L                             00000FD9
FVREN                             00000007
FVRST                             00000006
GCEN                              00000007
GIE                               00000007
GIEH                              00000007
MPASM  5.51                  18F45K20TMPO.ASM   4-2-2022  4:00:43         PAGE 13


SYMBOL TABLE
  LABEL                             VALUE 

GIEL                              00000006
GIE_GIEH                          00000007
GO                                00000001
GO_DONE                           00000001
GO_NOT_DONE                       00000001
HIGH_ISR                          0000001C
HLVDCON                           00000FD2
HLVDEN                            00000004
HLVDIE                            00000002
HLVDIF                            00000002
HLVDIN                            00000005
HLVDIP                            00000002
HLVDL0                            00000000
HLVDL1                            00000001
HLVDL2                            00000002
HLVDL3                            00000003
IBF                               00000007
IBOV                              00000005
IDLEN                             00000007
INDF0                             00000FEF
INDF1                             00000FE7
INDF2                             00000FDF
INT0                              00000000
INT0E                             00000004
INT0F                             00000001
INT0IE                            00000004
INT0IF                            00000001
INT1                              00000001
INT1E                             00000003
INT1F                             00000000
INT1IE                            00000003
INT1IF                            00000000
INT1IP                            00000006
INT1P                             00000006
INT2                              00000002
INT2E                             00000004
INT2F                             00000001
INT2IE                            00000004
INT2IF                            00000001
INT2IP                            00000007
INT2P                             00000007
INTCON                            00000FF2
INTCON2                           00000FF1
INTCON3                           00000FF0
INTEDG0                           00000006
INTEDG1                           00000005
INTEDG2                           00000004
INTSRC                            00000007
IN_GATE                           00000098
IN_STEPPER_CLOSE                  000000DA
IN_STEPPER_OPEN                   000000C8
IN_STEPPING                       00000100
IOCB                              00000F7D
MPASM  5.51                  18F45K20TMPO.ASM   4-2-2022  4:00:43         PAGE 14


SYMBOL TABLE
  LABEL                             VALUE 

IOCB4                             00000004
IOCB5                             00000005
IOCB6                             00000006
IOCB7                             00000007
IOFS                              00000002
IPEN                              00000007
IPR1                              00000F9F
IPR2                              00000FA2
IRCF0                             00000004
IRCF1                             00000005
IRCF2                             00000006
IRVST                             00000005
ISRH                              00000008
ISRL                              00000018
IVRST                             00000005
KBI0                              00000004
KBI1                              00000005
KBI2                              00000006
KBI3                              00000007
LATA                              00000F89
LATA0                             00000000
LATA1                             00000001
LATA2                             00000002
LATA3                             00000003
LATA4                             00000004
LATA5                             00000005
LATA6                             00000006
LATA7                             00000007
LATB                              00000F8A
LATB0                             00000000
LATB1                             00000001
LATB2                             00000002
LATB3                             00000003
LATB4                             00000004
LATB5                             00000005
LATB6                             00000006
LATB7                             00000007
LATC                              00000F8B
LATC0                             00000000
LATC1                             00000001
LATC2                             00000002
LATC3                             00000003
LATC4                             00000004
LATC5                             00000005
LATC6                             00000006
LATC7                             00000007
LATD                              00000F8C
LATD0                             00000000
LATD1                             00000001
LATD2                             00000002
LATD3                             00000003
LATD4                             00000004
LATD5                             00000005
MPASM  5.51                  18F45K20TMPO.ASM   4-2-2022  4:00:43         PAGE 15


SYMBOL TABLE
  LABEL                             VALUE 

LATD6                             00000006
LATD7                             00000007
LATE                              00000F8D
LATE0                             00000000
LATE1                             00000001
LATE2                             00000002
LOW_ISR                           00000058
LVDCON                            00000FD2
LVDEN                             00000004
LVDIE                             00000002
LVDIF                             00000002
LVDIN                             00000005
LVDIP                             00000002
LVDL0                             00000000
LVDL1                             00000001
LVDL2                             00000002
LVDL3                             00000003
LVV0                              00000000
LVV1                              00000001
LVV2                              00000002
LVV3                              00000003
MAIN                              0000006E
MAX_PARKING_CHECK                 00000098
MC1OUT                            00000007
MC2OUT                            00000006
MCLR                              00000003
MSK0                              00000000
MSK1                              00000001
MSK2                              00000002
MSK3                              00000003
MSK4                              00000004
MSK5                              00000005
MSK6                              00000006
MSK7                              00000007
MYVAR3                            00000062
N                                 00000004
NEXT_STEP                         00000106
NEXT_STEP1                        0000013A
NOT_A                             00000005
NOT_ADDRESS                       00000005
NOT_BOR                           00000000
NOT_CS                            00000002
NOT_DONE                          00000001
NOT_MCLR                          00000003
NOT_PD                            00000002
NOT_POR                           00000001
NOT_RBPU                          00000007
NOT_RD                            00000000
NOT_RI                            00000004
NOT_SS                            00000005
NOT_T1SYNC                        00000002
NOT_T3SYNC                        00000002
NOT_TO                            00000003
MPASM  5.51                  18F45K20TMPO.ASM   4-2-2022  4:00:43         PAGE 16


SYMBOL TABLE
  LABEL                             VALUE 

NOT_W                             00000002
NOT_WR                            00000001
NOT_WRITE                         00000002
OBF                               00000006
OERR                              00000001
OPEN_GATES                        00000030
OPERATOR                          00000026
OPERATOR_COUNTER                  00000061
OSCCON                            00000FD3
OSCFIE                            00000007
OSCFIF                            00000007
OSCFIP                            00000007
OSCTUNE                           00000F9B
OSTS                              00000003
OUT_GATE                          000000BE
OUT_STEPPER_CLOSE                 000000F6
OUT_STEPPER_OPEN                  000000E4
OUT_STEPPING                      00000134
OV                                00000003
P                                 00000004
P1A                               00000002
P1B                               00000005
P1C                               00000006
P1D                               00000007
P1M0                              00000006
P1M1                              00000007
PARKING_AVALIABLE                 000000A8
PARKING_NOT_AVALIABLE             000000B6
PC                                00000FF9
PCL                               00000FF9
PCLATH                            00000FFA
PCLATU                            00000FFB
PD                                00000002
PDC0                              00000000
PDC1                              00000001
PDC2                              00000002
PDC3                              00000003
PDC4                              00000004
PDC5                              00000005
PDC6                              00000006
PEIE                              00000006
PEIE_GIEL                         00000006
PEN                               00000002
PGC                               00000006
PGD                               00000007
PGM                               00000005
PIE1                              00000F9D
PIE2                              00000FA0
PIR1                              00000F9E
PIR2                              00000FA1
PLLEN                             00000006
PLUSW0                            00000FEB
PLUSW1                            00000FE3
MPASM  5.51                  18F45K20TMPO.ASM   4-2-2022  4:00:43         PAGE 17


SYMBOL TABLE
  LABEL                             VALUE 

PLUSW2                            00000FDB
POR                               00000001
PORTA                             00000F80
PORTB                             00000F81
PORTC                             00000F82
PORTD                             00000F83
PORTE                             00000F84
POSTDEC0                          00000FED
POSTDEC1                          00000FE5
POSTDEC2                          00000FDD
POSTINC0                          00000FEE
POSTINC1                          00000FE6
POSTINC2                          00000FDE
PR2                               00000FCB
PREINC0                           00000FEC
PREINC1                           00000FE4
PREINC2                           00000FDC
PROD                              00000FF3
PRODH                             00000FF4
PRODL                             00000FF3
PRSEN                             00000007
PSA                               00000003
PSP0                              00000000
PSP1                              00000001
PSP2                              00000002
PSP3                              00000003
PSP4                              00000004
PSP5                              00000005
PSP6                              00000006
PSP7                              00000007
PSPIE                             00000007
PSPIF                             00000007
PSPIP                             00000007
PSPMODE                           00000004
PSSAC0                            00000002
PSSAC1                            00000003
PSSBD0                            00000000
PSSBD1                            00000001
PSTRCON                           00000FB9
PWM1CON                           00000FB7
R                                 00000002
RA0                               00000000
RA1                               00000001
RA2                               00000002
RA3                               00000003
RA4                               00000004
RA5                               00000005
RA6                               00000006
RA7                               00000007
RB0                               00000000
RB1                               00000001
RB2                               00000002
RB3                               00000003
MPASM  5.51                  18F45K20TMPO.ASM   4-2-2022  4:00:43         PAGE 18


SYMBOL TABLE
  LABEL                             VALUE 

RB4                               00000004
RB5                               00000005
RB6                               00000006
RB7                               00000007
RBIE                              00000003
RBIF                              00000000
RBIP                              00000000
RBPU                              00000007
RC0                               00000000
RC1                               00000001
RC2                               00000002
RC3                               00000003
RC4                               00000004
RC5                               00000005
RC6                               00000006
RC7                               00000007
RCEN                              00000003
RCIDL                             00000006
RCIE                              00000005
RCIF                              00000005
RCIP                              00000005
RCON                              00000FD0
RCREG                             00000FAE
RCSTA                             00000FAB
RD                                00000000
RD0                               00000000
RD1                               00000001
RD16                              00000007
RD2                               00000002
RD3                               00000003
RD4                               00000004
RD5                               00000005
RD6                               00000006
RD7                               00000007
RE0                               00000000
RE1                               00000001
RE2                               00000002
RE3                               00000003
RES_VECT                          00000000
RI                                00000004
RSEN                              00000001
RX                                00000007
RX9                               00000006
RX9D                              00000000
R_NOT_W                           00000002
R_W                               00000002
S                                 00000003
SBOREN                            00000006
SCK                               00000003
SCKP                              00000004
SCL                               00000003
SCS0                              00000000
SCS1                              00000001
MPASM  5.51                  18F45K20TMPO.ASM   4-2-2022  4:00:43         PAGE 19


SYMBOL TABLE
  LABEL                             VALUE 

SDA                               00000004
SDI                               00000004
SDO                               00000005
SEN                               00000000
SENDB                             00000003
SLRA                              00000000
SLRB                              00000001
SLRC                              00000002
SLRCON                            00000F78
SLRD                              00000003
SLRE                              00000004
SMP                               00000007
SP0                               00000000
SP1                               00000001
SP2                               00000002
SP3                               00000003
SP4                               00000004
SPBRG                             00000FAF
SPBRGH                            00000FB0
SPEN                              00000007
SREN                              00000005
SS                                00000005
SSPADD                            00000FC8
SSPBUF                            00000FC9
SSPCON1                           00000FC6
SSPCON2                           00000FC5
SSPEN                             00000005
SSPIE                             00000003
SSPIF                             00000003
SSPIP                             00000003
SSPM0                             00000000
SSPM1                             00000001
SSPM2                             00000002
SSPM3                             00000003
SSPMSK                            00000F77
SSPOV                             00000006
SSPSTAT                           00000FC7
START                             00000003
STATUS                            00000FD8
STATUS_TEMP                       00000001
STEP_COUNT                        00000060
STKFUL                            00000007
STKOVF                            00000007
STKPTR                            00000FFC
STKUNF                            00000006
STOP                              00000004
STRA                              00000000
STRB                              00000001
STRC                              00000002
STRD                              00000003
STRSYNC                           00000004
SWDTE                             00000000
SWDTEN                            00000000
MPASM  5.51                  18F45K20TMPO.ASM   4-2-2022  4:00:43         PAGE 20


SYMBOL TABLE
  LABEL                             VALUE 

SYNC                              00000004
T08BIT                            00000006
T0CKI                             00000004
T0CON                             00000FD5
T0CS                              00000005
T0IE                              00000005
T0IF                              00000002
T0PS0                             00000000
T0PS1                             00000001
T0PS2                             00000002
T0SE                              00000004
T13CKI                            00000000
T1CKI                             00000000
T1CKPS0                           00000004
T1CKPS1                           00000005
T1CON                             00000FCD
T1OSCEN                           00000003
T1OSI                             00000001
T1OSO                             00000000
T1RUN                             00000006
T1SYNC                            00000002
T2CKPS0                           00000000
T2CKPS1                           00000001
T2CON                             00000FCA
T2OUTPS0                          00000003
T2OUTPS1                          00000004
T2OUTPS2                          00000005
T2OUTPS3                          00000006
T3CCP1                            00000003
T3CCP2                            00000006
T3CKI                             00000000
T3CKPS0                           00000004
T3CKPS1                           00000005
T3CON                             00000FB1
T3SYNC                            00000002
TABLAT                            00000FF5
TBLPTR                            00000FF6
TBLPTRH                           00000FF7
TBLPTRL                           00000FF6
TBLPTRU                           00000FF8
TMR0                              00000FD6
TMR0H                             00000FD7
TMR0IE                            00000005
TMR0IF                            00000002
TMR0IP                            00000002
TMR0L                             00000FD6
TMR0ON                            00000007
TMR1                              00000FCE
TMR1CS                            00000001
TMR1H                             00000FCF
TMR1IE                            00000000
TMR1IF                            00000000
TMR1IP                            00000000
MPASM  5.51                  18F45K20TMPO.ASM   4-2-2022  4:00:43         PAGE 21


SYMBOL TABLE
  LABEL                             VALUE 

TMR1L                             00000FCE
TMR1ON                            00000000
TMR2                              00000FCC
TMR2IE                            00000001
TMR2IF                            00000001
TMR2IP                            00000001
TMR2ON                            00000002
TMR3                              00000FB2
TMR3CS                            00000001
TMR3H                             00000FB3
TMR3IE                            00000001
TMR3IF                            00000001
TMR3IP                            00000001
TMR3L                             00000FB2
TMR3ON                            00000000
TO                                00000003
TOS                               00000FFD
TOSH                              00000FFE
TOSL                              00000FFD
TOSU                              00000FFF
TRISA                             00000F92
TRISA0                            00000000
TRISA1                            00000001
TRISA2                            00000002
TRISA3                            00000003
TRISA4                            00000004
TRISA5                            00000005
TRISA6                            00000006
TRISA7                            00000007
TRISB                             00000F93
TRISB0                            00000000
TRISB1                            00000001
TRISB2                            00000002
TRISB3                            00000003
TRISB4                            00000004
TRISB5                            00000005
TRISB6                            00000006
TRISB7                            00000007
TRISC                             00000F94
TRISC0                            00000000
TRISC1                            00000001
TRISC2                            00000002
TRISC3                            00000003
TRISC4                            00000004
TRISC5                            00000005
TRISC6                            00000006
TRISC7                            00000007
TRISD                             00000F95
TRISD0                            00000000
TRISD1                            00000001
TRISD2                            00000002
TRISD3                            00000003
TRISD4                            00000004
MPASM  5.51                  18F45K20TMPO.ASM   4-2-2022  4:00:43         PAGE 22


SYMBOL TABLE
  LABEL                             VALUE 

TRISD5                            00000005
TRISD6                            00000006
TRISD7                            00000007
TRISE                             00000F96
TRISE0                            00000000
TRISE1                            00000001
TRISE2                            00000002
TRMT                              00000001
TUN0                              00000000
TUN1                              00000001
TUN2                              00000002
TUN3                              00000003
TUN4                              00000004
TUN5                              00000005
TX                                00000006
TX9                               00000006
TX9D                              00000000
TXEN                              00000005
TXIE                              00000004
TXIF                              00000004
TXIP                              00000004
TXREG                             00000FAD
TXSTA                             00000FAC
UA                                00000001
VCFG0                             00000004
VCFG1                             00000005
VDIRMAG                           00000007
VPP                               00000003
VREFM                             00000002
VREFN                             00000002
VREFP                             00000003
W                                 00000000
WAIT                              00000110
WAIT1                             00000122
WAIT2                             00000144
WAIT3                             00000156
WCOL                              00000007
WDTCON                            00000FD1
WHILE_LOOP                        00000098
WPUB                              00000F7C
WPUB0                             00000000
WPUB1                             00000001
WPUB2                             00000002
WPUB3                             00000003
WPUB4                             00000004
WPUB5                             00000005
WPUB6                             00000006
WPUB7                             00000007
WR                                00000001
WREG                              00000FE8
WREN                              00000002
WRERR                             00000003
WUE                               00000001
MPASM  5.51                  18F45K20TMPO.ASM   4-2-2022  4:00:43         PAGE 23


SYMBOL TABLE
  LABEL                             VALUE 

W_TEMP                            00000000
Z                                 00000002
_BOREN_NOSLP_2L                   000000FD
_BOREN_OFF_2L                     000000F9
_BOREN_ON_2L                      000000FB
_BOREN_SBORDIS_2L                 000000FF
_BORV_18_2L                       000000FF
_BORV_22_2L                       000000F7
_BORV_27_2L                       000000EF
_BORV_30_2L                       000000E7
_CCP2MX_PORTBE_3H                 000000FE
_CCP2MX_PORTC_3H                  000000FF
_CONFIG1H                         00300001
_CONFIG2H                         00300003
_CONFIG2L                         00300002
_CONFIG3H                         00300005
_CONFIG4L                         00300006
_CONFIG5H                         00300009
_CONFIG5L                         00300008
_CONFIG6H                         0030000B
_CONFIG6L                         0030000A
_CONFIG7H                         0030000D
_CONFIG7L                         0030000C
_CP0_OFF_5L                       000000FF
_CP0_ON_5L                        000000FE
_CP1_OFF_5L                       000000FF
_CP1_ON_5L                        000000FD
_CP2_OFF_5L                       000000FF
_CP2_ON_5L                        000000FB
_CP3_OFF_5L                       000000FF
_CP3_ON_5L                        000000F7
_CPB_OFF_5H                       000000FF
_CPB_ON_5H                        000000BF
_CPD_OFF_5H                       000000FF
_CPD_ON_5H                        0000007F
_DEBUG_OFF_4L                     000000FF
_DEBUG_ON_4L                      0000007F
_DEVID1                           003FFFFE
_DEVID2                           003FFFFF
_EBTR0_OFF_7L                     000000FF
_EBTR0_ON_7L                      000000FE
_EBTR1_OFF_7L                     000000FF
_EBTR1_ON_7L                      000000FD
_EBTR2_OFF_7L                     000000FF
_EBTR2_ON_7L                      000000FB
_EBTR3_OFF_7L                     000000FF
_EBTR3_ON_7L                      000000F7
_EBTRB_OFF_7H                     000000FF
_EBTRB_ON_7H                      000000BF
_FCMEN_OFF_1H                     000000BF
_FCMEN_ON_1H                      000000FF
_FOSC_ECIO6_1H                    000000F5
_FOSC_EC_1H                       000000F4
MPASM  5.51                  18F45K20TMPO.ASM   4-2-2022  4:00:43         PAGE 24


SYMBOL TABLE
  LABEL                             VALUE 

_FOSC_HSPLL_1H                    000000F6
_FOSC_HS_1H                       000000F2
_FOSC_INTIO67_1H                  000000F8
_FOSC_INTIO7_1H                   000000F9
_FOSC_LP_1H                       000000F0
_FOSC_RCIO6_1H                    000000F7
_FOSC_RC_1H                       000000F3
_FOSC_XT_1H                       000000F1
_HFOFST_OFF_3H                    000000F7
_HFOFST_ON_3H                     000000FF
_IDLOC0                           00200000
_IDLOC1                           00200001
_IDLOC2                           00200002
_IDLOC3                           00200003
_IDLOC4                           00200004
_IDLOC5                           00200005
_IDLOC6                           00200006
_IDLOC7                           00200007
_IESO_OFF_1H                      0000007F
_IESO_ON_1H                       000000FF
_LPT1OSC_OFF_3H                   000000FB
_LPT1OSC_ON_3H                    000000FF
_LVP_OFF_4L                       000000FB
_LVP_ON_4L                        000000FF
_MCLRE_OFF_3H                     0000007F
_MCLRE_ON_3H                      000000FF
_PBADEN_OFF_3H                    000000FD
_PBADEN_ON_3H                     000000FF
_PWRT_OFF_2L                      000000FF
_PWRT_ON_2L                       000000FE
_STVREN_OFF_4L                    000000FE
_STVREN_ON_4L                     000000FF
_WDTEN_OFF_2H                     000000FE
_WDTEN_ON_2H                      000000FF
_WDTPS_1024_2H                    000000F5
_WDTPS_128_2H                     000000EF
_WDTPS_16384_2H                   000000FD
_WDTPS_16_2H                      000000E9
_WDTPS_1_2H                       000000E1
_WDTPS_2048_2H                    000000F7
_WDTPS_256_2H                     000000F1
_WDTPS_2_2H                       000000E3
_WDTPS_32768_2H                   000000FF
_WDTPS_32_2H                      000000EB
_WDTPS_4096_2H                    000000F9
_WDTPS_4_2H                       000000E5
_WDTPS_512_2H                     000000F3
_WDTPS_64_2H                      000000ED
_WDTPS_8192_2H                    000000FB
_WDTPS_8_2H                       000000E7
_WRT0_OFF_6L                      000000FF
_WRT0_ON_6L                       000000FE
_WRT1_OFF_6L                      000000FF
MPASM  5.51                  18F45K20TMPO.ASM   4-2-2022  4:00:43         PAGE 25


SYMBOL TABLE
  LABEL                             VALUE 

_WRT1_ON_6L                       000000FD
_WRT2_OFF_6L                      000000FF
_WRT2_ON_6L                       000000FB
_WRT3_OFF_6L                      000000FF
_WRT3_ON_6L                       000000F7
_WRTB_OFF_6H                      000000FF
_WRTB_ON_6H                       000000BF
_WRTC_OFF_6H                      000000FF
_WRTC_ON_6H                       000000DF
_WRTD_OFF_6H                      000000FF
_WRTD_ON_6H                       0000007F
_XINST_OFF_4L                     000000BF
_XINST_ON_4L                      000000FF
__18F45K20                        00000001
__DEBUG                           1

Errors   :     0
Warnings :    21 reported,     0 suppressed
Messages :     0 reported,     0 suppressed

